/Users/cauchy/.rbenv/versions/2.7.0/lib/ruby/gems/2.7.0/bundler/gems/fantasyncaaf-2f8a93ea9933/lib/espn_scraper/teams.rb:45: warning: ambiguous first argument; put parentheses or a space even after `/' operator
/Users/cauchy/.rbenv/versions/2.7.0/lib/ruby/gems/2.7.0/bundler/gems/fantasyncaaf-2f8a93ea9933/lib/espn_scraper/scores.rb:128: warning: assigned but unused variable - markup
/Users/cauchy/.rbenv/versions/2.7.0/lib/ruby/gems/2.7.0/bundler/gems/fantasyncaaf-2f8a93ea9933/lib/espn_scraper/scores.rb:136: warning: assigned but unused variable - markup
/Users/cauchy/.rbenv/versions/2.7.0/lib/ruby/gems/2.7.0/bundler/gems/fantasyncaaf-2f8a93ea9933/lib/espn_scraper/scores.rb:194: warning: mismatched indentations at 'end' with 'def' at 188
/Users/cauchy/.rbenv/versions/2.7.0/lib/ruby/gems/2.7.0/bundler/gems/fantasyncaaf-2f8a93ea9933/lib/espn_scraper/scores.rb:337: warning: mismatched indentations at 'end' with 'def' at 282
/Users/cauchy/.rbenv/versions/2.7.0/lib/ruby/gems/2.7.0/bundler/gems/fantasyncaaf-2f8a93ea9933/lib/espn_scraper/scores.rb:284: warning: assigned but unused variable - teamNames
/Users/cauchy/.rbenv/versions/2.7.0/lib/ruby/gems/2.7.0/bundler/gems/fantasyncaaf-2f8a93ea9933/lib/espn_scraper/scores.rb:285: warning: assigned but unused variable - count
/Users/cauchy/.rbenv/versions/2.7.0/lib/ruby/gems/2.7.0/bundler/gems/fantasyncaaf-2f8a93ea9933/lib/espn_scraper/scores.rb:379: warning: mismatched indentations at 'end' with 'def' at 339
/Users/cauchy/.rbenv/versions/2.7.0/lib/ruby/gems/2.7.0/bundler/gems/fantasyncaaf-2f8a93ea9933/lib/espn_scraper/scores.rb:420: warning: mismatched indentations at 'end' with 'if' at 418
/Users/cauchy/.rbenv/versions/2.7.0/lib/ruby/gems/2.7.0/bundler/gems/fantasyncaaf-2f8a93ea9933/lib/espn_scraper/scores.rb:430: warning: mismatched indentations at 'end' with 'def' at 381
/Users/cauchy/.rbenv/versions/2.7.0/lib/ruby/gems/2.7.0/bundler/gems/fantasyncaaf-2f8a93ea9933/lib/espn_scraper/scores.rb:613: warning: mismatched indentations at 'end' with 'if' at 611
/Users/cauchy/.rbenv/versions/2.7.0/lib/ruby/gems/2.7.0/bundler/gems/fantasyncaaf-2f8a93ea9933/lib/espn_scraper/scores.rb:632: warning: mismatched indentations at 'end' with 'if' at 630
/Users/cauchy/.rbenv/versions/2.7.0/lib/ruby/gems/2.7.0/bundler/gems/fantasyncaaf-2f8a93ea9933/lib/espn_scraper/scores.rb:651: warning: mismatched indentations at 'end' with 'if' at 649
/Users/cauchy/.rbenv/versions/2.7.0/lib/ruby/gems/2.7.0/bundler/gems/fantasyncaaf-2f8a93ea9933/lib/espn_scraper/scores.rb:666: warning: mismatched indentations at 'end' with 'if' at 664
/Users/cauchy/.rbenv/versions/2.7.0/lib/ruby/gems/2.7.0/bundler/gems/fantasyncaaf-2f8a93ea9933/lib/espn_scraper/scores.rb:683: warning: mismatched indentations at 'end' with 'if' at 681
/Users/cauchy/.rbenv/versions/2.7.0/lib/ruby/gems/2.7.0/bundler/gems/fantasyncaaf-2f8a93ea9933/lib/espn_scraper/scores.rb:703: warning: mismatched indentations at 'end' with 'if' at 701
/Users/cauchy/.rbenv/versions/2.7.0/lib/ruby/gems/2.7.0/bundler/gems/fantasyncaaf-2f8a93ea9933/lib/espn_scraper/scores.rb:548: warning: assigned but unused variable - teamCount
/Users/cauchy/.rbenv/versions/2.7.0/lib/ruby/gems/2.7.0/bundler/gems/fantasyncaaf-2f8a93ea9933/lib/espn_scraper/scores.rb:551: warning: assigned but unused variable - finalScoreCount
/Users/cauchy/.rbenv/versions/2.7.0/lib/ruby/gems/2.7.0/bundler/gems/fantasyncaaf-2f8a93ea9933/lib/espn_scraper/scores.rb:552: warning: assigned but unused variable - defense
/Users/cauchy/.rbenv/versions/2.7.0/lib/ruby/gems/2.7.0/bundler/gems/fantasyncaaf-2f8a93ea9933/lib/espn_scraper/scores.rb:922: warning: mismatched indentations at 'end' with 'def' at 522
/Users/cauchy/.rbenv/versions/2.7.0/lib/ruby/gems/2.7.0/bundler/gems/fantasyncaaf-2f8a93ea9933/lib/espn_scraper/scores.rb:929: warning: assigned but unused variable - awayTeamDisplayName
/Users/cauchy/.rbenv/versions/2.7.0/lib/ruby/gems/2.7.0/bundler/gems/fantasyncaaf-2f8a93ea9933/lib/espn_scraper/scores.rb:931: warning: assigned but unused variable - stat
/Users/cauchy/.rbenv/versions/2.7.0/lib/ruby/gems/2.7.0/gems/dbi-0.4.5/lib/dbi.rb:74: warning: assigned but unused variable - meth
/Users/cauchy/.rbenv/versions/2.7.0/lib/ruby/gems/2.7.0/gems/dbi-0.4.5/lib/dbi.rb:263: warning: assigned but unused variable - e2
/Users/cauchy/.rbenv/versions/2.7.0/lib/ruby/gems/2.7.0/gems/deprecated-2.0.1/lib/deprecated.rb:178: warning: method redefined; discarding old initialize
/Users/cauchy/.rbenv/versions/2.7.0/lib/ruby/gems/2.7.0/gems/dbi-0.4.5/lib/dbi/utils/date.rb:42: warning: previous definition of initialize was here
/Users/cauchy/.rbenv/versions/2.7.0/lib/ruby/gems/2.7.0/gems/deprecated-2.0.1/lib/deprecated.rb:178: warning: method redefined; discarding old initialize
/Users/cauchy/.rbenv/versions/2.7.0/lib/ruby/gems/2.7.0/gems/dbi-0.4.5/lib/dbi/utils/time.rb:16: warning: previous definition of initialize was here
/Users/cauchy/.rbenv/versions/2.7.0/lib/ruby/gems/2.7.0/gems/deprecated-2.0.1/lib/deprecated.rb:178: warning: method redefined; discarding old initialize
/Users/cauchy/.rbenv/versions/2.7.0/lib/ruby/gems/2.7.0/gems/dbi-0.4.5/lib/dbi/utils/timestamp.rb:21: warning: previous definition of initialize was here
/Users/cauchy/.rbenv/versions/2.7.0/lib/ruby/gems/2.7.0/gems/dbi-0.4.5/lib/dbi/columninfo.rb:6: warning: assigned but unused variable - e
/Users/cauchy/.rbenv/versions/2.7.0/lib/ruby/gems/2.7.0/gems/deprecated-2.0.1/lib/deprecated.rb:178: warning: method redefined; discarding old is_nullable?
/Users/cauchy/.rbenv/versions/2.7.0/lib/ruby/gems/2.7.0/gems/dbi-0.4.5/lib/dbi/columninfo.rb:83: warning: previous definition of is_nullable? was here
/Users/cauchy/.rbenv/versions/2.7.0/lib/ruby/gems/2.7.0/gems/deprecated-2.0.1/lib/deprecated.rb:178: warning: method redefined; discarding old can_be_null?
/Users/cauchy/.rbenv/versions/2.7.0/lib/ruby/gems/2.7.0/gems/dbi-0.4.5/lib/dbi/columninfo.rb:83: warning: previous definition of can_be_null? was here
/Users/cauchy/.rbenv/versions/2.7.0/lib/ruby/gems/2.7.0/gems/deprecated-2.0.1/lib/deprecated.rb:178: warning: method redefined; discarding old is_indexed?
/Users/cauchy/.rbenv/versions/2.7.0/lib/ruby/gems/2.7.0/gems/dbi-0.4.5/lib/dbi/columninfo.rb:83: warning: previous definition of is_indexed? was here
/Users/cauchy/.rbenv/versions/2.7.0/lib/ruby/gems/2.7.0/gems/deprecated-2.0.1/lib/deprecated.rb:178: warning: method redefined; discarding old is_primary?
/Users/cauchy/.rbenv/versions/2.7.0/lib/ruby/gems/2.7.0/gems/dbi-0.4.5/lib/dbi/columninfo.rb:83: warning: previous definition of is_primary? was here
/Users/cauchy/.rbenv/versions/2.7.0/lib/ruby/gems/2.7.0/gems/deprecated-2.0.1/lib/deprecated.rb:178: warning: method redefined; discarding old is_unique
/Users/cauchy/.rbenv/versions/2.7.0/lib/ruby/gems/2.7.0/gems/dbi-0.4.5/lib/dbi/columninfo.rb:83: warning: previous definition of is_unique was here
/Users/cauchy/.rbenv/versions/2.7.0/lib/ruby/gems/2.7.0/gems/deprecated-2.0.1/lib/deprecated.rb:178: warning: method redefined; discarding old size
/Users/cauchy/.rbenv/versions/2.7.0/lib/ruby/gems/2.7.0/gems/dbi-0.4.5/lib/dbi/columninfo.rb:83: warning: previous definition of size was here
/Users/cauchy/.rbenv/versions/2.7.0/lib/ruby/gems/2.7.0/gems/deprecated-2.0.1/lib/deprecated.rb:178: warning: method redefined; discarding old size=
/Users/cauchy/.rbenv/versions/2.7.0/lib/ruby/gems/2.7.0/gems/dbi-0.4.5/lib/dbi/columninfo.rb:83: warning: previous definition of size= was here
/Users/cauchy/.rbenv/versions/2.7.0/lib/ruby/gems/2.7.0/gems/deprecated-2.0.1/lib/deprecated.rb:178: warning: method redefined; discarding old length
/Users/cauchy/.rbenv/versions/2.7.0/lib/ruby/gems/2.7.0/gems/dbi-0.4.5/lib/dbi/columninfo.rb:83: warning: previous definition of length was here
/Users/cauchy/.rbenv/versions/2.7.0/lib/ruby/gems/2.7.0/gems/deprecated-2.0.1/lib/deprecated.rb:178: warning: method redefined; discarding old length=
/Users/cauchy/.rbenv/versions/2.7.0/lib/ruby/gems/2.7.0/gems/dbi-0.4.5/lib/dbi/columninfo.rb:83: warning: previous definition of length= was here
/Users/cauchy/.rbenv/versions/2.7.0/lib/ruby/gems/2.7.0/gems/deprecated-2.0.1/lib/deprecated.rb:178: warning: method redefined; discarding old decimal_digits
/Users/cauchy/.rbenv/versions/2.7.0/lib/ruby/gems/2.7.0/gems/dbi-0.4.5/lib/dbi/columninfo.rb:83: warning: previous definition of decimal_digits was here
/Users/cauchy/.rbenv/versions/2.7.0/lib/ruby/gems/2.7.0/gems/deprecated-2.0.1/lib/deprecated.rb:178: warning: method redefined; discarding old decimal_digits=
/Users/cauchy/.rbenv/versions/2.7.0/lib/ruby/gems/2.7.0/gems/dbi-0.4.5/lib/dbi/columninfo.rb:83: warning: previous definition of decimal_digits= was here
/Users/cauchy/.rbenv/versions/2.7.0/lib/ruby/gems/2.7.0/gems/deprecated-2.0.1/lib/deprecated.rb:178: warning: method redefined; discarding old default_value
/Users/cauchy/.rbenv/versions/2.7.0/lib/ruby/gems/2.7.0/gems/dbi-0.4.5/lib/dbi/columninfo.rb:83: warning: previous definition of default_value was here
/Users/cauchy/.rbenv/versions/2.7.0/lib/ruby/gems/2.7.0/gems/deprecated-2.0.1/lib/deprecated.rb:178: warning: method redefined; discarding old default_value=
/Users/cauchy/.rbenv/versions/2.7.0/lib/ruby/gems/2.7.0/gems/dbi-0.4.5/lib/dbi/columninfo.rb:83: warning: previous definition of default_value= was here
/Users/cauchy/.rbenv/versions/2.7.0/lib/ruby/gems/2.7.0/gems/dbi-0.4.5/lib/dbi/types.rb:110: warning: assigned but unused variable - civil
/Users/cauchy/.rbenv/versions/2.7.0/lib/ruby/gems/2.7.0/gems/dbi-0.4.5/lib/dbi/types.rb:111: warning: assigned but unused variable - time
/Users/cauchy/.rbenv/versions/2.7.0/lib/ruby/gems/2.7.0/gems/dbi-0.4.5/lib/dbi/handles.rb:12: warning: optional boolean argument is obsoleted
/Users/cauchy/.rbenv/versions/2.7.0/lib/ruby/gems/2.7.0/gems/dbi-0.4.5/lib/dbi/handles/database.rb:218: warning: parentheses after method name is interpreted as an argument list, not a decomposed argument
/Users/cauchy/.rbenv/versions/2.7.0/lib/ruby/gems/2.7.0/gems/dbi-0.4.5/lib/dbi/handles/database.rb:224: warning: parentheses after method name is interpreted as an argument list, not a decomposed argument
/Users/cauchy/.rbenv/versions/2.7.0/lib/ruby/gems/2.7.0/gems/dbi-0.4.5/lib/dbi/handles/statement.rb:307: warning: assigned but unused variable - cols
/Users/cauchy/.rbenv/versions/2.7.0/lib/ruby/gems/2.7.0/gems/dbi-0.4.5/lib/dbi/handles/statement.rb:324: warning: assigned but unused variable - cols
/Users/cauchy/.rbenv/versions/2.7.0/lib/ruby/gems/2.7.0/gems/dbi-0.4.5/lib/dbi/handles/statement.rb:358: warning: parentheses after method name is interpreted as an argument list, not a decomposed argument
/Users/cauchy/.rbenv/versions/2.7.0/lib/ruby/gems/2.7.0/gems/dbi-0.4.5/lib/dbi/handles/statement.rb:364: warning: parentheses after method name is interpreted as an argument list, not a decomposed argument
true
Connection successful
